[debug] [2022-05-06T09:25:04.845Z] ----------------------------------------------------------------------
[debug] [2022-05-06T09:25:04.846Z] Command:       C:\Program Files\nodejs\node.exe C:\Users\sasoh\AppData\Roaming\npm\node_modules\firebase-tools\lib\bin\firebase.js deploy
[debug] [2022-05-06T09:25:04.847Z] CLI Version:   10.7.2
[debug] [2022-05-06T09:25:04.847Z] Platform:      win32
[debug] [2022-05-06T09:25:04.847Z] Node Version:  v16.15.0
[debug] [2022-05-06T09:25:04.849Z] Time:          Fri May 06 2022 15:25:04 GMT+0600 (Bangladesh Standard Time)
[debug] [2022-05-06T09:25:04.849Z] ----------------------------------------------------------------------
[debug] 
[debug] [2022-05-06T09:25:04.852Z] >>> [apiv2][query] GET https://firebase-public.firebaseio.com/cli.json [none]
[debug] [2022-05-06T09:25:04.926Z] > command requires scopes: ["email","openid","https://www.googleapis.com/auth/cloudplatformprojects.readonly","https://www.googleapis.com/auth/firebase","https://www.googleapis.com/auth/cloud-platform"]
[debug] [2022-05-06T09:25:04.926Z] > authorizing via signed-in user (sasohanme@gmail.com)
[debug] [2022-05-06T09:25:04.926Z] [iam] checking project book-verse-8b615 for permissions ["firebase.projects.get","firebasehosting.sites.update"]
[debug] [2022-05-06T09:25:04.927Z] > refreshing access token with scopes: []
[debug] [2022-05-06T09:25:04.928Z] >>> HTTP REQUEST POST https://www.googleapis.com/oauth2/v3/token  
 <request body omitted>
[debug] [2022-05-06T09:25:06.227Z] <<< HTTP RESPONSE 200 {"cache-control":"no-cache, no-store, max-age=0, must-revalidate","expires":"Mon, 01 Jan 1990 00:00:00 GMT","date":"Fri, 06 May 2022 09:25:06 GMT","pragma":"no-cache","content-type":"application/json; charset=utf-8","vary":"X-Origin, Referer, Origin,Accept-Encoding","server":"scaffolding on HTTPServer2","x-xss-protection":"0","x-frame-options":"SAMEORIGIN","x-content-type-options":"nosniff","alt-svc":"h3=\":443\"; ma=2592000,h3-29=\":443\"; ma=2592000,h3-Q050=\":443\"; ma=2592000,h3-Q046=\":443\"; ma=2592000,h3-Q043=\":443\"; ma=2592000,quic=\":443\"; ma=2592000; v=\"46,43\"","accept-ranges":"none","transfer-encoding":"chunked"}
[debug] [2022-05-06T09:25:06.235Z] >>> [apiv2][query] POST https://cloudresourcemanager.googleapis.com/v1/projects/book-verse-8b615:testIamPermissions [none]
[debug] [2022-05-06T09:25:06.236Z] >>> [apiv2][body] POST https://cloudresourcemanager.googleapis.com/v1/projects/book-verse-8b615:testIamPermissions {"permissions":["firebase.projects.get","firebasehosting.sites.update"]}
[debug] [2022-05-06T09:25:06.618Z] <<< [apiv2][status] GET https://firebase-public.firebaseio.com/cli.json 200
[debug] [2022-05-06T09:25:06.618Z] <<< [apiv2][body] GET https://firebase-public.firebaseio.com/cli.json {"cloudBuildErrorAfter":1594252800000,"cloudBuildWarnAfter":1590019200000,"defaultNode10After":1594252800000,"minVersion":"3.0.5","node8DeploysDisabledAfter":1613390400000,"node8RuntimeDisabledAfter":1615809600000,"node8WarnAfter":1600128000000}
